# JRE version: OpenJDK Runtime Environment (8.0_202-b03) (build 1.8.0_202-release-1483-b03)
# Java VM: OpenJDK 64-Bit Server VM (25.202-b03 mixed mode windows-amd64 compressed oops)
Heap:
 PSYoungGen      total 247296K, used 106780K [0x00000000e0000000, 0x00000000f1e00000, 0x0000000100000000)
  eden space 206336K, 49% used [0x00000000e0000000,0x00000000e645f380,0x00000000ec980000)
  from space 40960K, 9% used [0x00000000ec980000,0x00000000ecd68000,0x00000000ef180000)
  to   space 39424K, 0% used [0x00000000ef180000,0x00000000ef180000,0x00000000f1800000)
 ParOldGen       total 195584K, used 158614K [0x00000000a0000000, 0x00000000abf00000, 0x00000000e0000000)
  object space 195584K, 81% used [0x00000000a0000000,0x00000000a9ae5800,0x00000000abf00000)
 Metaspace       used 117766K, capacity 127428K, committed 127488K, reserved 1159168K
  class space    used 15221K, capacity 16861K, committed 16896K, reserved 1048576K
GC Heap History (10 events):
Event: 2965.278 GC heap before
{Heap before GC invocations=51 (full 4):
 PSYoungGen      total 245760K, used 217344K [0x00000000e0000000, 0x00000000f1e00000, 0x0000000100000000)
  eden space 206336K, 100% used [0x00000000e0000000,0x00000000ec980000,0x00000000ec980000)
  from space 39424K, 27% used [0x00000000ef180000,0x00000000efc40110,0x00000000f1800000)
  to   space 40960K, 0% used [0x00000000ec980000,0x00000000ec980000,0x00000000ef180000)
 ParOldGen       total 195584K, used 133309K [0x00000000a0000000, 0x00000000abf00000, 0x00000000e0000000)
  object space 195584K, 68% used [0x00000000a0000000,0x00000000a822f6f0,0x00000000abf00000)
 Metaspace       used 117669K, capacity 127364K, committed 127488K, reserved 1159168K
  class space    used 15213K, capacity 16861K, committed 16896K, reserved 1048576K
Event: 2965.306 GC heap after
Heap after GC invocations=51 (full 4):
 PSYoungGen      total 247296K, used 11184K [0x00000000e0000000, 0x00000000f1e00000, 0x0000000100000000)
  eden space 206336K, 0% used [0x00000000e0000000,0x00000000e0000000,0x00000000ec980000)
  from space 40960K, 27% used [0x00000000ec980000,0x00000000ed46c090,0x00000000ef180000)
  to   space 39424K, 0% used [0x00000000ef180000,0x00000000ef180000,0x00000000f1800000)
 ParOldGen       total 195584K, used 136373K [0x00000000a0000000, 0x00000000abf00000, 0x00000000e0000000)
  object space 195584K, 69% used [0x00000000a0000000,0x00000000a852d658,0x00000000abf00000)
 Metaspace       used 117669K, capacity 127364K, committed 127488K, reserved 1159168K
  class space    used 15213K, capacity 16861K, committed 16896K, reserved 1048576K
}
Event: 2965.862 GC heap before
{Heap before GC invocations=52 (full 4):
 PSYoungGen      total 247296K, used 217520K [0x00000000e0000000, 0x00000000f1e00000, 0x0000000100000000)
  eden space 206336K, 100% used [0x00000000e0000000,0x00000000ec980000,0x00000000ec980000)
  from space 40960K, 27% used [0x00000000ec980000,0x00000000ed46c090,0x00000000ef180000)
  to   space 39424K, 0% used [0x00000000ef180000,0x00000000ef180000,0x00000000f1800000)
 ParOldGen       total 195584K, used 136373K [0x00000000a0000000, 0x00000000abf00000, 0x00000000e0000000)
  object space 195584K, 69% used [0x00000000a0000000,0x00000000a852d658,0x00000000abf00000)
 Metaspace       used 117726K, capacity 127428K, committed 127488K, reserved 1159168K
  class space    used 15221K, capacity 16861K, committed 16896K, reserved 1048576K
Event: 2965.881 GC heap after
Heap after GC invocations=52 (full 4):
 PSYoungGen      total 245760K, used 8032K [0x00000000e0000000, 0x00000000f1e00000, 0x0000000100000000)
  eden space 206336K, 0% used [0x00000000e0000000,0x00000000e0000000,0x00000000ec980000)
  from space 39424K, 20% used [0x00000000ef180000,0x00000000ef958000,0x00000000f1800000)
  to   space 40960K, 0% used [0x00000000ec980000,0x00000000ec980000,0x00000000ef180000)
 ParOldGen       total 195584K, used 143141K [0x00000000a0000000, 0x00000000abf00000, 0x00000000e0000000)
  object space 195584K, 73% used [0x00000000a0000000,0x00000000a8bc9728,0x00000000abf00000)
 Metaspace       used 117726K, capacity 127428K, committed 127488K, reserved 1159168K
  class space    used 15221K, capacity 16861K, committed 16896K, reserved 1048576K
}
Event: 2966.283 GC heap before
{Heap before GC invocations=53 (full 4):
 PSYoungGen      total 245760K, used 214368K [0x00000000e0000000, 0x00000000f1e00000, 0x0000000100000000)
  eden space 206336K, 100% used [0x00000000e0000000,0x00000000ec980000,0x00000000ec980000)
  from space 39424K, 20% used [0x00000000ef180000,0x00000000ef958000,0x00000000f1800000)
  to   space 40960K, 0% used [0x00000000ec980000,0x00000000ec980000,0x00000000ef180000)
 ParOldGen       total 195584K, used 143141K [0x00000000a0000000, 0x00000000abf00000, 0x00000000e0000000)
  object space 195584K, 73% used [0x00000000a0000000,0x00000000a8bc9728,0x00000000abf00000)
 Metaspace       used 117727K, capacity 127428K, committed 127488K, reserved 1159168K
  class space    used 15221K, capacity 16861K, committed 16896K, reserved 1048576K
Event: 2966.322 GC heap after
Heap after GC invocations=53 (full 4):
 PSYoungGen      total 247296K, used 5024K [0x00000000e0000000, 0x00000000f1e00000, 0x0000000100000000)
  eden space 206336K, 0% used [0x00000000e0000000,0x00000000e0000000,0x00000000ec980000)
  from space 40960K, 12% used [0x00000000ec980000,0x00000000ece68020,0x00000000ef180000)
  to   space 39424K, 0% used [0x00000000ef180000,0x00000000ef180000,0x00000000f1800000)
 ParOldGen       total 195584K, used 150773K [0x00000000a0000000, 0x00000000abf00000, 0x00000000e0000000)
  object space 195584K, 77% used [0x00000000a0000000,0x00000000a933d728,0x00000000abf00000)
 Metaspace       used 117727K, capacity 127428K, committed 127488K, reserved 1159168K
  class space    used 15221K, capacity 16861K, committed 16896K, reserved 1048576K
}
Event: 2966.955 GC heap before
{Heap before GC invocations=54 (full 4):
 PSYoungGen      total 247296K, used 211360K [0x00000000e0000000, 0x00000000f1e00000, 0x0000000100000000)
  eden space 206336K, 100% used [0x00000000e0000000,0x00000000ec980000,0x00000000ec980000)
  from space 40960K, 12% used [0x00000000ec980000,0x00000000ece68020,0x00000000ef180000)
  to   space 39424K, 0% used [0x00000000ef180000,0x00000000ef180000,0x00000000f1800000)
 ParOldGen       total 195584K, used 150773K [0x00000000a0000000, 0x00000000abf00000, 0x00000000e0000000)
  object space 195584K, 77% used [0x00000000a0000000,0x00000000a933d728,0x00000000abf00000)
 Metaspace       used 117750K, capacity 127428K, committed 127488K, reserved 1159168K
  class space    used 15221K, capacity 16861K, committed 16896K, reserved 1048576K
Event: 2966.968 GC heap after
Heap after GC invocations=54 (full 4):
 PSYoungGen      total 245760K, used 3584K [0x00000000e0000000, 0x00000000f1e00000, 0x0000000100000000)
  eden space 206336K, 0% used [0x00000000e0000000,0x00000000e0000000,0x00000000ec980000)
  from space 39424K, 9% used [0x00000000ef180000,0x00000000ef500000,0x00000000f1800000)
  to   space 40960K, 0% used [0x00000000ec980000,0x00000000ec980000,0x00000000ef180000)
 ParOldGen       total 195584K, used 155485K [0x00000000a0000000, 0x00000000abf00000, 0x00000000e0000000)
  object space 195584K, 79% used [0x00000000a0000000,0x00000000a97d7768,0x00000000abf00000)
 Metaspace       used 117750K, capacity 127428K, committed 127488K, reserved 1159168K
  class space    used 15221K, capacity 16861K, committed 16896K, reserved 1048576K
}
Event: 2968.121 GC heap before
{Heap before GC invocations=55 (full 4):
 PSYoungGen      total 245760K, used 209920K [0x00000000e0000000, 0x00000000f1e00000, 0x0000000100000000)
  eden space 206336K, 100% used [0x00000000e0000000,0x00000000ec980000,0x00000000ec980000)
  from space 39424K, 9% used [0x00000000ef180000,0x00000000ef500000,0x00000000f1800000)
  to   space 40960K, 0% used [0x00000000ec980000,0x00000000ec980000,0x00000000ef180000)
 ParOldGen       total 195584K, used 155485K [0x00000000a0000000, 0x00000000abf00000, 0x00000000e0000000)
  object space 195584K, 79% used [0x00000000a0000000,0x00000000a97d7768,0x00000000abf00000)
 Metaspace       used 117762K, capacity 127428K, committed 127488K, reserved 1159168K
  class space    used 15221K, capacity 16861K, committed 16896K, reserved 1048576K
Event: 2968.132 GC heap after
Heap after GC invocations=55 (full 4):
 PSYoungGen      total 247296K, used 4000K [0x00000000e0000000, 0x00000000f1e00000, 0x0000000100000000)
  eden space 206336K, 0% used [0x00000000e0000000,0x00000000e0000000,0x00000000ec980000)
  from space 40960K, 9% used [0x00000000ec980000,0x00000000ecd68000,0x00000000ef180000)
  to   space 39424K, 0% used [0x00000000ef180000,0x00000000ef180000,0x00000000f1800000)
 ParOldGen       total 195584K, used 158614K [0x00000000a0000000, 0x00000000abf00000, 0x00000000e0000000)
  object space 195584K, 81% used [0x00000000a0000000,0x00000000a9ae5800,0x00000000abf00000)
 Metaspace       used 117762K, capacity 127428K, committed 127488K, reserved 1159168K
  class space    used 15221K, capacity 16861K, committed 16896K, reserved 1048576K
}

